# JRE version: OpenJDK Runtime Environment (21.0.8) (build 21.0.8+-14196175-b1038.72)
# Java VM: OpenJDK 64-Bit Server VM (21.0.8+-14196175-b1038.72, mixed mode, tiered, compressed oops, compressed class ptrs, g1 gc, linux-amd64)
GC Precious Log:
 CardTable entry size: 512
 Card Set container configuration: InlinePtr #cards 5 size 8 Array Of Cards #cards 12 size 40 Howl #buckets 4 coarsen threshold 1843 Howl Bitmap #cards 512 size 80 coarsen threshold 460 Card regions per heap region 1 cards per card region 2048
 CPUs: 6 total, 6 available
 Memory: 15769M
 Large Page Support: Disabled
 NUMA Support: Disabled
 Compressed Oops: Enabled (32-bit)
 Heap Region Size: 1M
 Heap Min Capacity: 8M
 Heap Initial Capacity: 248M
 Heap Max Capacity: 2G
 Pre-touch: Disabled
 Parallel Workers: 6
 Concurrent Workers: 2
 Concurrent Refinement Workers: 6
 Periodic GC: Disabled
Heap:
 garbage-first heap   total 330752K, used 200192K [0x0000000080000000, 0x0000000100000000)
  region size 1024K, 21 young (21504K), 4 survivors (4096K)
 Metaspace       used 151395K, committed 153792K, reserved 1245184K
  class space    used 21247K, committed 22400K, reserved 1048576K
GC Heap History (20 events):
Event: 11,492 GC heap before
{Heap before GC invocations=42 (full 0):
 garbage-first heap   total 195584K, used 168355K [0x0000000080000000, 0x0000000100000000)
  region size 1024K, 45 young (46080K), 5 survivors (5120K)
 Metaspace       used 115149K, committed 117376K, reserved 1179648K
  class space    used 16067K, committed 17152K, reserved 1048576K
}
Event: 11,501 GC heap after
{Heap after GC invocations=43 (full 0):
 garbage-first heap   total 257024K, used 131975K [0x0000000080000000, 0x0000000100000000)
  region size 1024K, 4 young (4096K), 4 survivors (4096K)
 Metaspace       used 115149K, committed 117376K, reserved 1179648K
  class space    used 16067K, committed 17152K, reserved 1048576K
}
Event: 12,215 GC heap before
{Heap before GC invocations=44 (full 0):
 garbage-first heap   total 257024K, used 225159K [0x0000000080000000, 0x0000000100000000)
  region size 1024K, 97 young (99328K), 4 survivors (4096K)
 Metaspace       used 116582K, committed 118848K, reserved 1179648K
  class space    used 16251K, committed 17344K, reserved 1048576K
}
Event: 12,230 GC heap after
{Heap after GC invocations=45 (full 0):
 garbage-first heap   total 257024K, used 136090K [0x0000000080000000, 0x0000000100000000)
  region size 1024K, 9 young (9216K), 9 survivors (9216K)
 Metaspace       used 116582K, committed 118848K, reserved 1179648K
  class space    used 16251K, committed 17344K, reserved 1048576K
}
Event: 13,149 GC heap before
{Heap before GC invocations=45 (full 0):
 garbage-first heap   total 257024K, used 224154K [0x0000000080000000, 0x0000000100000000)
  region size 1024K, 96 young (98304K), 9 survivors (9216K)
 Metaspace       used 118299K, committed 120512K, reserved 1179648K
  class space    used 16464K, committed 17536K, reserved 1048576K
}
Event: 13,167 GC heap after
{Heap after GC invocations=46 (full 0):
 garbage-first heap   total 257024K, used 141134K [0x0000000080000000, 0x0000000100000000)
  region size 1024K, 10 young (10240K), 10 survivors (10240K)
 Metaspace       used 118299K, committed 120512K, reserved 1179648K
  class space    used 16464K, committed 17536K, reserved 1048576K
}
Event: 13,335 GC heap before
{Heap before GC invocations=46 (full 0):
 garbage-first heap   total 257024K, used 156494K [0x0000000080000000, 0x0000000100000000)
  region size 1024K, 27 young (27648K), 10 survivors (10240K)
 Metaspace       used 120039K, committed 122240K, reserved 1179648K
  class space    used 16705K, committed 17792K, reserved 1048576K
}
Event: 13,344 GC heap after
{Heap after GC invocations=47 (full 0):
 garbage-first heap   total 257024K, used 144872K [0x0000000080000000, 0x0000000100000000)
  region size 1024K, 4 young (4096K), 4 survivors (4096K)
 Metaspace       used 120039K, committed 122240K, reserved 1179648K
  class space    used 16705K, committed 17792K, reserved 1048576K
}
Event: 14,015 GC heap before
{Heap before GC invocations=48 (full 0):
 garbage-first heap   total 257024K, used 214504K [0x0000000080000000, 0x0000000100000000)
  region size 1024K, 81 young (82944K), 4 survivors (4096K)
 Metaspace       used 127612K, committed 129920K, reserved 1179648K
  class space    used 17700K, committed 18816K, reserved 1048576K
}
Event: 14,027 GC heap after
{Heap after GC invocations=49 (full 0):
 garbage-first heap   total 257024K, used 134991K [0x0000000080000000, 0x0000000100000000)
  region size 1024K, 7 young (7168K), 7 survivors (7168K)
 Metaspace       used 127612K, committed 129920K, reserved 1179648K
  class space    used 17700K, committed 18816K, reserved 1048576K
}
Event: 14,779 GC heap before
{Heap before GC invocations=49 (full 0):
 garbage-first heap   total 257024K, used 227151K [0x0000000080000000, 0x0000000100000000)
  region size 1024K, 96 young (98304K), 7 survivors (7168K)
 Metaspace       used 137239K, committed 139584K, reserved 1179648K
  class space    used 19150K, committed 20288K, reserved 1048576K
}
Event: 14,792 GC heap after
{Heap after GC invocations=50 (full 0):
 garbage-first heap   total 257024K, used 135139K [0x0000000080000000, 0x0000000100000000)
  region size 1024K, 12 young (12288K), 12 survivors (12288K)
 Metaspace       used 137239K, committed 139584K, reserved 1179648K
  class space    used 19150K, committed 20288K, reserved 1048576K
}
Event: 15,578 GC heap before
{Heap before GC invocations=50 (full 0):
 garbage-first heap   total 257024K, used 217059K [0x0000000080000000, 0x0000000100000000)
  region size 1024K, 94 young (96256K), 12 survivors (12288K)
 Metaspace       used 144556K, committed 147008K, reserved 1179648K
  class space    used 20305K, committed 21504K, reserved 1048576K
}
Event: 15,599 GC heap after
{Heap after GC invocations=51 (full 0):
 garbage-first heap   total 257024K, used 135477K [0x0000000080000000, 0x0000000100000000)
  region size 1024K, 4 young (4096K), 4 survivors (4096K)
 Metaspace       used 144556K, committed 147008K, reserved 1179648K
  class space    used 20305K, committed 21504K, reserved 1048576K
}
Event: 183,385 GC heap before
{Heap before GC invocations=52 (full 0):
 garbage-first heap   total 257024K, used 247093K [0x0000000080000000, 0x0000000100000000)
  region size 1024K, 98 young (100352K), 4 survivors (4096K)
 Metaspace       used 150701K, committed 153152K, reserved 1179648K
  class space    used 21241K, committed 22400K, reserved 1048576K
}
Event: 183,392 GC heap after
{Heap after GC invocations=53 (full 0):
 garbage-first heap   total 257024K, used 136169K [0x0000000080000000, 0x0000000100000000)
  region size 1024K, 5 young (5120K), 5 survivors (5120K)
 Metaspace       used 150701K, committed 153152K, reserved 1179648K
  class space    used 21241K, committed 22400K, reserved 1048576K
}
Event: 183,958 GC heap before
{Heap before GC invocations=53 (full 0):
 garbage-first heap   total 257024K, used 237545K [0x0000000080000000, 0x0000000100000000)
  region size 1024K, 102 young (104448K), 5 survivors (5120K)
 Metaspace       used 151294K, committed 153728K, reserved 1245184K
  class space    used 21246K, committed 22400K, reserved 1048576K
}
Event: 183,987 GC heap after
{Heap after GC invocations=54 (full 0):
 garbage-first heap   total 275456K, used 163829K [0x0000000080000000, 0x0000000100000000)
  region size 1024K, 13 young (13312K), 13 survivors (13312K)
 Metaspace       used 151294K, committed 153728K, reserved 1245184K
  class space    used 21246K, committed 22400K, reserved 1048576K
}
Event: 184,001 GC heap before
{Heap before GC invocations=54 (full 0):
 garbage-first heap   total 275456K, used 165877K [0x0000000080000000, 0x0000000100000000)
  region size 1024K, 17 young (17408K), 13 survivors (13312K)
 Metaspace       used 151295K, committed 153728K, reserved 1245184K
  class space    used 21246K, committed 22400K, reserved 1048576K
}
Event: 184,015 GC heap after
{Heap after GC invocations=55 (full 0):
 garbage-first heap   total 330752K, used 169472K [0x0000000080000000, 0x0000000100000000)
  region size 1024K, 4 young (4096K), 4 survivors (4096K)
 Metaspace       used 151295K, committed 153728K, reserved 1245184K
  class space    used 21246K, committed 22400K, reserved 1048576K
}

